{
  "stats": {
    "suites": 4,
    "tests": 13,
    "passes": 13,
    "pending": 0,
    "failures": 0,
    "start": "2026-03-03T04:43:39.755Z",
    "end": "2026-03-03T04:43:50.819Z",
    "duration": 11064,
    "testsRegistered": 13,
    "passPercent": 100,
    "pendingPercent": 0,
    "other": 0,
    "hasOther": false,
    "skipped": 0,
    "hasSkipped": false
  },
  "results": [
    {
      "uuid": "41fd44c4-522b-4926-965f-4efd28ed3ecc",
      "title": "",
      "fullFile": "cypress\\e2e\\BASIC_AUTOMATION\\basic.cy.js",
      "file": "cypress\\e2e\\BASIC_AUTOMATION\\basic.cy.js",
      "beforeHooks": [],
      "afterHooks": [],
      "tests": [],
      "suites": [
        {
          "uuid": "58161843-80e9-4929-9217-38f824bff89a",
          "title": "Basic Selector & Actions - Sauce Demo",
          "fullFile": "",
          "file": "",
          "beforeHooks": [],
          "afterHooks": [],
          "tests": [],
          "suites": [
            {
              "uuid": "ad3047a2-ee0d-489a-a1c2-b2e263993040",
              "title": "1. Visit Page (cy.visit)",
              "fullFile": "",
              "file": "",
              "beforeHooks": [],
              "afterHooks": [],
              "tests": [
                {
                  "title": "should visit the login page (homepage",
                  "fullTitle": "Basic Selector & Actions - Sauce Demo 1. Visit Page (cy.visit) should visit the login page (homepage",
                  "timedOut": null,
                  "duration": 3021,
                  "state": "passed",
                  "speed": "fast",
                  "pass": true,
                  "fail": false,
                  "pending": false,
                  "context": null,
                  "code": "cy.visit(\"https://www.saucedemo.com/\");\ncy.url().should(\"include\", \"saucedemo.com\");",
                  "err": {},
                  "uuid": "08fd6a4a-fe41-4a5d-9b32-5f867f6388e1",
                  "parentUUID": "ad3047a2-ee0d-489a-a1c2-b2e263993040",
                  "isHook": false,
                  "skipped": false
                },
                {
                  "title": "should visit the inventory page (After Login)   ",
                  "fullTitle": "Basic Selector & Actions - Sauce Demo 1. Visit Page (cy.visit) should visit the inventory page (After Login)   ",
                  "timedOut": null,
                  "duration": 925,
                  "state": "passed",
                  "speed": "fast",
                  "pass": true,
                  "fail": false,
                  "pending": false,
                  "context": null,
                  "code": "cy.visit(\"https://www.saucedemo.com/\");\ncy.get(\"#user-name\").type(\"standard_user\");\ncy.get(\"#password\").type(\"secret_sauce\");\ncy.get(\"#login-button\").click();\ncy.location(\"pathname\").should(\"eq\", \"/inventory.html\");",
                  "err": {},
                  "uuid": "a3c4ee1f-871e-4449-ad62-9975e6ecff3e",
                  "parentUUID": "ad3047a2-ee0d-489a-a1c2-b2e263993040",
                  "isHook": false,
                  "skipped": false
                },
                {
                  "title": "should visit the cart page (After Login)   ",
                  "fullTitle": "Basic Selector & Actions - Sauce Demo 1. Visit Page (cy.visit) should visit the cart page (After Login)   ",
                  "timedOut": null,
                  "duration": 1130,
                  "state": "passed",
                  "speed": "fast",
                  "pass": true,
                  "fail": false,
                  "pending": false,
                  "context": null,
                  "code": "cy.visit(\"https://www.saucedemo.com/\");\ncy.get(\"#user-name\").type(\"standard_user\");\ncy.get(\"#password\").type(\"secret_sauce\");\ncy.get(\"#login-button\").click();\ncy.get(\"#shopping_cart_container\").click();\ncy.location(\"pathname\").should(\"eq\", \"/cart.html\");",
                  "err": {},
                  "uuid": "93e55840-1be2-4338-be53-6323284014ed",
                  "parentUUID": "ad3047a2-ee0d-489a-a1c2-b2e263993040",
                  "isHook": false,
                  "skipped": false
                }
              ],
              "suites": [
                {
                  "uuid": "96d2647d-ed7c-45f9-a473-3925f05bcfcc",
                  "title": "Basic Selector & Actions - Sauce Demo",
                  "fullFile": "",
                  "file": "",
                  "beforeHooks": [],
                  "afterHooks": [],
                  "tests": [
                    {
                      "title": "get element by ID -> #user-name",
                      "fullTitle": "Basic Selector & Actions - Sauce Demo 1. Visit Page (cy.visit) Basic Selector & Actions - Sauce Demo get element by ID -> #user-name",
                      "timedOut": null,
                      "duration": 429,
                      "state": "passed",
                      "speed": "fast",
                      "pass": true,
                      "fail": false,
                      "pending": false,
                      "context": null,
                      "code": "cy.get(\"#user-name\").should(\"exist\");",
                      "err": {},
                      "uuid": "ba7241bc-3117-4db5-9a7b-00fdeecde13b",
                      "parentUUID": "96d2647d-ed7c-45f9-a473-3925f05bcfcc",
                      "isHook": false,
                      "skipped": false
                    },
                    {
                      "title": "get element by Class -> .login_container",
                      "fullTitle": "Basic Selector & Actions - Sauce Demo 1. Visit Page (cy.visit) Basic Selector & Actions - Sauce Demo get element by Class -> .login_container",
                      "timedOut": null,
                      "duration": 122,
                      "state": "passed",
                      "speed": "fast",
                      "pass": true,
                      "fail": false,
                      "pending": false,
                      "context": null,
                      "code": "cy.get(\".login_container\").should(\"be.visible\");",
                      "err": {},
                      "uuid": "629e087a-d941-49d8-a83f-bf56a85fd53c",
                      "parentUUID": "96d2647d-ed7c-45f9-a473-3925f05bcfcc",
                      "isHook": false,
                      "skipped": false
                    },
                    {
                      "title": "get element by Tag -> input",
                      "fullTitle": "Basic Selector & Actions - Sauce Demo 1. Visit Page (cy.visit) Basic Selector & Actions - Sauce Demo get element by Tag -> input",
                      "timedOut": null,
                      "duration": 155,
                      "state": "passed",
                      "speed": "fast",
                      "pass": true,
                      "fail": false,
                      "pending": false,
                      "context": null,
                      "code": "cy.get(\"input\").should(\"exist\");",
                      "err": {},
                      "uuid": "103dfee5-8d92-4807-9a6c-5d41581a6e87",
                      "parentUUID": "96d2647d-ed7c-45f9-a473-3925f05bcfcc",
                      "isHook": false,
                      "skipped": false
                    },
                    {
                      "title": "get element by Attribute -> input[type=\"password\"]",
                      "fullTitle": "Basic Selector & Actions - Sauce Demo 1. Visit Page (cy.visit) Basic Selector & Actions - Sauce Demo get element by Attribute -> input[type=\"password\"]",
                      "timedOut": null,
                      "duration": 154,
                      "state": "passed",
                      "speed": "fast",
                      "pass": true,
                      "fail": false,
                      "pending": false,
                      "context": null,
                      "code": "cy.get('[type=\"password\"]').should(\"exist\");",
                      "err": {},
                      "uuid": "3cf9f847-510e-4b72-89d2-f533ff3ec219",
                      "parentUUID": "96d2647d-ed7c-45f9-a473-3925f05bcfcc",
                      "isHook": false,
                      "skipped": false
                    },
                    {
                      "title": "get element by Combined selector -> input#user-name",
                      "fullTitle": "Basic Selector & Actions - Sauce Demo 1. Visit Page (cy.visit) Basic Selector & Actions - Sauce Demo get element by Combined selector -> input#user-name",
                      "timedOut": null,
                      "duration": 180,
                      "state": "passed",
                      "speed": "fast",
                      "pass": true,
                      "fail": false,
                      "pending": false,
                      "context": null,
                      "code": "cy.get(\"input#user-name\").should(\"exist\");",
                      "err": {},
                      "uuid": "bb9dc787-165b-443f-a1e2-2012b1ed6337",
                      "parentUUID": "96d2647d-ed7c-45f9-a473-3925f05bcfcc",
                      "isHook": false,
                      "skipped": false
                    },
                    {
                      "title": "get element by Text -> cy.contains",
                      "fullTitle": "Basic Selector & Actions - Sauce Demo 1. Visit Page (cy.visit) Basic Selector & Actions - Sauce Demo get element by Text -> cy.contains",
                      "timedOut": null,
                      "duration": 737,
                      "state": "passed",
                      "speed": "fast",
                      "pass": true,
                      "fail": false,
                      "pending": false,
                      "context": null,
                      "code": "cy.contains(\"Swag Labs\").should(\"be.visible\");\ncy.contains(\"Login\").should(\"exist\");",
                      "err": {},
                      "uuid": "98f91fed-177d-4a0e-a724-d450c2f6fd16",
                      "parentUUID": "96d2647d-ed7c-45f9-a473-3925f05bcfcc",
                      "isHook": false,
                      "skipped": false
                    }
                  ],
                  "suites": [],
                  "passes": [
                    "ba7241bc-3117-4db5-9a7b-00fdeecde13b",
                    "629e087a-d941-49d8-a83f-bf56a85fd53c",
                    "103dfee5-8d92-4807-9a6c-5d41581a6e87",
                    "3cf9f847-510e-4b72-89d2-f533ff3ec219",
                    "bb9dc787-165b-443f-a1e2-2012b1ed6337",
                    "98f91fed-177d-4a0e-a724-d450c2f6fd16"
                  ],
                  "failures": [],
                  "pending": [],
                  "skipped": [],
                  "duration": 1777,
                  "root": false,
                  "rootEmpty": false,
                  "_timeout": 2000
                },
                {
                  "uuid": "914457e6-12a2-4cf2-b3b9-acaa9c7a44c6",
                  "title": "3. Type Text - Mengetik di Input Field",
                  "fullFile": "",
                  "file": "",
                  "beforeHooks": [],
                  "afterHooks": [],
                  "tests": [
                    {
                      "title": "Should type username into username field",
                      "fullTitle": "Basic Selector & Actions - Sauce Demo 1. Visit Page (cy.visit) 3. Type Text - Mengetik di Input Field Should type username into username field",
                      "timedOut": null,
                      "duration": 471,
                      "state": "passed",
                      "speed": "fast",
                      "pass": true,
                      "fail": false,
                      "pending": false,
                      "context": null,
                      "code": "cy.get(\"#user-name\").type(\"standard_user\").should(\"have.value\", \"standard_user\");",
                      "err": {},
                      "uuid": "581c0715-99b1-4ae4-a5f0-a8643236b4f9",
                      "parentUUID": "914457e6-12a2-4cf2-b3b9-acaa9c7a44c6",
                      "isHook": false,
                      "skipped": false
                    },
                    {
                      "title": "Should type password into password field",
                      "fullTitle": "Basic Selector & Actions - Sauce Demo 1. Visit Page (cy.visit) 3. Type Text - Mengetik di Input Field Should type password into password field",
                      "timedOut": null,
                      "duration": 478,
                      "state": "passed",
                      "speed": "fast",
                      "pass": true,
                      "fail": false,
                      "pending": false,
                      "context": null,
                      "code": "cy.get(\"#password\").type(\"secret_sauce\").should(\"have.value\", \"secret_sauce\");",
                      "err": {},
                      "uuid": "55c1916f-df7f-4b38-af02-23e3a35e5156",
                      "parentUUID": "914457e6-12a2-4cf2-b3b9-acaa9c7a44c6",
                      "isHook": false,
                      "skipped": false
                    },
                    {
                      "title": "Should clear field and retype username",
                      "fullTitle": "Basic Selector & Actions - Sauce Demo 1. Visit Page (cy.visit) 3. Type Text - Mengetik di Input Field Should clear field and retype username",
                      "timedOut": null,
                      "duration": 1070,
                      "state": "passed",
                      "speed": "fast",
                      "pass": true,
                      "fail": false,
                      "pending": false,
                      "context": null,
                      "code": "cy.get(\"#user-name\").type(\"wrong_user\").clear().type(\"standard_user\").should(\"have.value\", \"standard_user\");",
                      "err": {},
                      "uuid": "749d4c14-be9c-41c1-904c-3ad52c1c598d",
                      "parentUUID": "914457e6-12a2-4cf2-b3b9-acaa9c7a44c6",
                      "isHook": false,
                      "skipped": false
                    },
                    {
                      "title": "Should clear field and retype password",
                      "fullTitle": "Basic Selector & Actions - Sauce Demo 1. Visit Page (cy.visit) 3. Type Text - Mengetik di Input Field Should clear field and retype password",
                      "timedOut": null,
                      "duration": 525,
                      "state": "passed",
                      "speed": "fast",
                      "pass": true,
                      "fail": false,
                      "pending": false,
                      "context": null,
                      "code": "cy.get(\"#password\").clear().type(\"secret_sauce\").should(\"have.value\", \"secret_sauce\");",
                      "err": {},
                      "uuid": "95592929-15ff-499b-a195-3e360fa41567",
                      "parentUUID": "914457e6-12a2-4cf2-b3b9-acaa9c7a44c6",
                      "isHook": false,
                      "skipped": false
                    }
                  ],
                  "suites": [],
                  "passes": [
                    "581c0715-99b1-4ae4-a5f0-a8643236b4f9",
                    "55c1916f-df7f-4b38-af02-23e3a35e5156",
                    "749d4c14-be9c-41c1-904c-3ad52c1c598d",
                    "95592929-15ff-499b-a195-3e360fa41567"
                  ],
                  "failures": [],
                  "pending": [],
                  "skipped": [],
                  "duration": 2544,
                  "root": false,
                  "rootEmpty": false,
                  "_timeout": 2000
                }
              ],
              "passes": [
                "08fd6a4a-fe41-4a5d-9b32-5f867f6388e1",
                "a3c4ee1f-871e-4449-ad62-9975e6ecff3e",
                "93e55840-1be2-4338-be53-6323284014ed"
              ],
              "failures": [],
              "pending": [],
              "skipped": [],
              "duration": 5076,
              "root": false,
              "rootEmpty": false,
              "_timeout": 2000
            }
          ],
          "passes": [],
          "failures": [],
          "pending": [],
          "skipped": [],
          "duration": 0,
          "root": false,
          "rootEmpty": false,
          "_timeout": 2000
        }
      ],
      "passes": [],
      "failures": [],
      "pending": [],
      "skipped": [],
      "duration": 0,
      "root": true,
      "rootEmpty": true,
      "_timeout": 2000
    }
  ],
  "meta": {
    "mocha": {
      "version": "7.2.0"
    },
    "mochawesome": {
      "options": {
        "quiet": false,
        "reportFilename": "mochawesome",
        "saveHtml": true,
        "saveJson": true,
        "consoleReporter": "spec",
        "useInlineDiffs": false,
        "code": true
      },
      "version": "7.1.4"
    },
    "marge": {
      "options": {
        "reportDir": "cypress/reports/mochawesome",
        "overwrite": false,
        "html": true,
        "json": true
      },
      "version": "6.3.2"
    }
  }
}