{
  "stats": {
    "suites": 4,
    "tests": 13,
    "passes": 13,
    "pending": 0,
    "failures": 0,
    "start": "2026-03-03T04:34:48.477Z",
    "end": "2026-03-03T04:34:56.339Z",
    "duration": 7862,
    "testsRegistered": 13,
    "passPercent": 100,
    "pendingPercent": 0,
    "other": 0,
    "hasOther": false,
    "skipped": 0,
    "hasSkipped": false
  },
  "results": [
    {
      "uuid": "cbaa8b13-21b6-40b5-a62f-d32331822bf3",
      "title": "",
      "fullFile": "cypress\\e2e\\BASIC_AUTOMATION\\basic.cy.js",
      "file": "cypress\\e2e\\BASIC_AUTOMATION\\basic.cy.js",
      "beforeHooks": [],
      "afterHooks": [],
      "tests": [],
      "suites": [
        {
          "uuid": "694ed18e-7d67-48f3-8fec-cd81d9bb449e",
          "title": "Basic Selector & Actions - Sauce Demo",
          "fullFile": "",
          "file": "",
          "beforeHooks": [],
          "afterHooks": [],
          "tests": [],
          "suites": [
            {
              "uuid": "deffbea9-e92d-4f20-b2fd-e020a1efdd8f",
              "title": "1. Visit Page (cy.visit)",
              "fullFile": "",
              "file": "",
              "beforeHooks": [],
              "afterHooks": [],
              "tests": [
                {
                  "title": "should visit the login page (homepage",
                  "fullTitle": "Basic Selector & Actions - Sauce Demo 1. Visit Page (cy.visit) should visit the login page (homepage",
                  "timedOut": null,
                  "duration": 842,
                  "state": "passed",
                  "speed": "fast",
                  "pass": true,
                  "fail": false,
                  "pending": false,
                  "context": null,
                  "code": "cy.visit(\"https://www.saucedemo.com/\");\ncy.url().should(\"include\", \"saucedemo.com\");",
                  "err": {},
                  "uuid": "ba7f32eb-2a30-4e0d-b765-7ac36af13df4",
                  "parentUUID": "deffbea9-e92d-4f20-b2fd-e020a1efdd8f",
                  "isHook": false,
                  "skipped": false
                },
                {
                  "title": "should visit the inventory page (After Login)   ",
                  "fullTitle": "Basic Selector & Actions - Sauce Demo 1. Visit Page (cy.visit) should visit the inventory page (After Login)   ",
                  "timedOut": null,
                  "duration": 908,
                  "state": "passed",
                  "speed": "fast",
                  "pass": true,
                  "fail": false,
                  "pending": false,
                  "context": null,
                  "code": "cy.visit(\"https://www.saucedemo.com/\");\ncy.get(\"#user-name\").type(\"standard_user\");\ncy.get(\"#password\").type(\"secret_sauce\");\ncy.get(\"#login-button\").click();\ncy.location(\"pathname\").should(\"eq\", \"/inventory.html\");",
                  "err": {},
                  "uuid": "92cdd6ee-43a2-4624-a9b9-1b18fa9830c9",
                  "parentUUID": "deffbea9-e92d-4f20-b2fd-e020a1efdd8f",
                  "isHook": false,
                  "skipped": false
                },
                {
                  "title": "should visit the cart page (After Login)   ",
                  "fullTitle": "Basic Selector & Actions - Sauce Demo 1. Visit Page (cy.visit) should visit the cart page (After Login)   ",
                  "timedOut": null,
                  "duration": 946,
                  "state": "passed",
                  "speed": "fast",
                  "pass": true,
                  "fail": false,
                  "pending": false,
                  "context": null,
                  "code": "cy.visit(\"https://www.saucedemo.com/\");\ncy.get(\"#user-name\").type(\"standard_user\");\ncy.get(\"#password\").type(\"secret_sauce\");\ncy.get(\"#login-button\").click();\ncy.get(\"#shopping_cart_container\").click();\ncy.location(\"pathname\").should(\"eq\", \"/cart.html\");",
                  "err": {},
                  "uuid": "584e1de1-ae6f-4ce7-bd08-0498f9325ef5",
                  "parentUUID": "deffbea9-e92d-4f20-b2fd-e020a1efdd8f",
                  "isHook": false,
                  "skipped": false
                }
              ],
              "suites": [
                {
                  "uuid": "945285b2-e6d6-42d9-8c87-8b98efc78520",
                  "title": "Basic Selector & Actions - Sauce Demo",
                  "fullFile": "",
                  "file": "",
                  "beforeHooks": [],
                  "afterHooks": [],
                  "tests": [
                    {
                      "title": "get element by ID -> #user-name",
                      "fullTitle": "Basic Selector & Actions - Sauce Demo 1. Visit Page (cy.visit) Basic Selector & Actions - Sauce Demo get element by ID -> #user-name",
                      "timedOut": null,
                      "duration": 345,
                      "state": "passed",
                      "speed": "fast",
                      "pass": true,
                      "fail": false,
                      "pending": false,
                      "context": null,
                      "code": "cy.get(\"#user-name\").should(\"exist\");",
                      "err": {},
                      "uuid": "e2e7dbc7-529e-47c1-9b03-d5d6c2d7301e",
                      "parentUUID": "945285b2-e6d6-42d9-8c87-8b98efc78520",
                      "isHook": false,
                      "skipped": false
                    },
                    {
                      "title": "get element by Class -> .login_container",
                      "fullTitle": "Basic Selector & Actions - Sauce Demo 1. Visit Page (cy.visit) Basic Selector & Actions - Sauce Demo get element by Class -> .login_container",
                      "timedOut": null,
                      "duration": 131,
                      "state": "passed",
                      "speed": "fast",
                      "pass": true,
                      "fail": false,
                      "pending": false,
                      "context": null,
                      "code": "cy.get(\".login_container\").should(\"be.visible\");",
                      "err": {},
                      "uuid": "fbb0f9a0-03af-4221-af9f-b4d5da0b885d",
                      "parentUUID": "945285b2-e6d6-42d9-8c87-8b98efc78520",
                      "isHook": false,
                      "skipped": false
                    },
                    {
                      "title": "get element by Tag -> input",
                      "fullTitle": "Basic Selector & Actions - Sauce Demo 1. Visit Page (cy.visit) Basic Selector & Actions - Sauce Demo get element by Tag -> input",
                      "timedOut": null,
                      "duration": 145,
                      "state": "passed",
                      "speed": "fast",
                      "pass": true,
                      "fail": false,
                      "pending": false,
                      "context": null,
                      "code": "cy.get(\"input\").should(\"exist\");",
                      "err": {},
                      "uuid": "3fa76064-bd37-4441-8e73-dfcd64975b0f",
                      "parentUUID": "945285b2-e6d6-42d9-8c87-8b98efc78520",
                      "isHook": false,
                      "skipped": false
                    },
                    {
                      "title": "get element by Attribute -> input[type=\"password\"]",
                      "fullTitle": "Basic Selector & Actions - Sauce Demo 1. Visit Page (cy.visit) Basic Selector & Actions - Sauce Demo get element by Attribute -> input[type=\"password\"]",
                      "timedOut": null,
                      "duration": 227,
                      "state": "passed",
                      "speed": "fast",
                      "pass": true,
                      "fail": false,
                      "pending": false,
                      "context": null,
                      "code": "cy.get('[type=\"password\"]').should(\"exist\");",
                      "err": {},
                      "uuid": "570c8ec2-88b3-40c8-a4a3-a4c002d967d5",
                      "parentUUID": "945285b2-e6d6-42d9-8c87-8b98efc78520",
                      "isHook": false,
                      "skipped": false
                    },
                    {
                      "title": "get element by Combined selector -> input#user-name",
                      "fullTitle": "Basic Selector & Actions - Sauce Demo 1. Visit Page (cy.visit) Basic Selector & Actions - Sauce Demo get element by Combined selector -> input#user-name",
                      "timedOut": null,
                      "duration": 445,
                      "state": "passed",
                      "speed": "fast",
                      "pass": true,
                      "fail": false,
                      "pending": false,
                      "context": null,
                      "code": "cy.get(\"input#user-name\").should(\"exist\");",
                      "err": {},
                      "uuid": "4f639f42-7b2c-4f11-83e3-925171c5b347",
                      "parentUUID": "945285b2-e6d6-42d9-8c87-8b98efc78520",
                      "isHook": false,
                      "skipped": false
                    },
                    {
                      "title": "get element by Text -> cy.contains",
                      "fullTitle": "Basic Selector & Actions - Sauce Demo 1. Visit Page (cy.visit) Basic Selector & Actions - Sauce Demo get element by Text -> cy.contains",
                      "timedOut": null,
                      "duration": 207,
                      "state": "passed",
                      "speed": "fast",
                      "pass": true,
                      "fail": false,
                      "pending": false,
                      "context": null,
                      "code": "cy.contains(\"Swag Labs\").should(\"be.visible\");\ncy.contains(\"Login\").should(\"exist\");",
                      "err": {},
                      "uuid": "afbe54ce-2d31-464b-8567-02484b5bf836",
                      "parentUUID": "945285b2-e6d6-42d9-8c87-8b98efc78520",
                      "isHook": false,
                      "skipped": false
                    }
                  ],
                  "suites": [],
                  "passes": [
                    "e2e7dbc7-529e-47c1-9b03-d5d6c2d7301e",
                    "fbb0f9a0-03af-4221-af9f-b4d5da0b885d",
                    "3fa76064-bd37-4441-8e73-dfcd64975b0f",
                    "570c8ec2-88b3-40c8-a4a3-a4c002d967d5",
                    "4f639f42-7b2c-4f11-83e3-925171c5b347",
                    "afbe54ce-2d31-464b-8567-02484b5bf836"
                  ],
                  "failures": [],
                  "pending": [],
                  "skipped": [],
                  "duration": 1500,
                  "root": false,
                  "rootEmpty": false,
                  "_timeout": 2000
                },
                {
                  "uuid": "28da1976-c641-4850-8efc-5c8904a79342",
                  "title": "3. Type Text - Mengetik di Input Field",
                  "fullFile": "",
                  "file": "",
                  "beforeHooks": [],
                  "afterHooks": [],
                  "tests": [
                    {
                      "title": "Should type username into username field",
                      "fullTitle": "Basic Selector & Actions - Sauce Demo 1. Visit Page (cy.visit) 3. Type Text - Mengetik di Input Field Should type username into username field",
                      "timedOut": null,
                      "duration": 427,
                      "state": "passed",
                      "speed": "fast",
                      "pass": true,
                      "fail": false,
                      "pending": false,
                      "context": null,
                      "code": "cy.get(\"#user-name\").type(\"standard_user\").should(\"have.value\", \"standard_user\");",
                      "err": {},
                      "uuid": "d3880c50-9ee2-465b-b7f3-ca2e91233f49",
                      "parentUUID": "28da1976-c641-4850-8efc-5c8904a79342",
                      "isHook": false,
                      "skipped": false
                    },
                    {
                      "title": "Should type password into password field",
                      "fullTitle": "Basic Selector & Actions - Sauce Demo 1. Visit Page (cy.visit) 3. Type Text - Mengetik di Input Field Should type password into password field",
                      "timedOut": null,
                      "duration": 435,
                      "state": "passed",
                      "speed": "fast",
                      "pass": true,
                      "fail": false,
                      "pending": false,
                      "context": null,
                      "code": "cy.get(\"#password\").type(\"secret_sauce\").should(\"have.value\", \"secret_sauce\");",
                      "err": {},
                      "uuid": "cb6b8ba7-5e28-4cef-a937-26a0ea8db792",
                      "parentUUID": "28da1976-c641-4850-8efc-5c8904a79342",
                      "isHook": false,
                      "skipped": false
                    },
                    {
                      "title": "Should clear field and retype username",
                      "fullTitle": "Basic Selector & Actions - Sauce Demo 1. Visit Page (cy.visit) 3. Type Text - Mengetik di Input Field Should clear field and retype username",
                      "timedOut": null,
                      "duration": 697,
                      "state": "passed",
                      "speed": "fast",
                      "pass": true,
                      "fail": false,
                      "pending": false,
                      "context": null,
                      "code": "cy.get(\"#user-name\").type(\"wrong_user\").clear().type(\"standard_user\").should(\"have.value\", \"standard_user\");",
                      "err": {},
                      "uuid": "60af84e7-9872-479a-ba06-8de1d877aab1",
                      "parentUUID": "28da1976-c641-4850-8efc-5c8904a79342",
                      "isHook": false,
                      "skipped": false
                    },
                    {
                      "title": "Should clear field and retype password",
                      "fullTitle": "Basic Selector & Actions - Sauce Demo 1. Visit Page (cy.visit) 3. Type Text - Mengetik di Input Field Should clear field and retype password",
                      "timedOut": null,
                      "duration": 476,
                      "state": "passed",
                      "speed": "fast",
                      "pass": true,
                      "fail": false,
                      "pending": false,
                      "context": null,
                      "code": "cy.get(\"#password\").clear().type(\"secret_sauce\").should(\"have.value\", \"secret_sauce\");",
                      "err": {},
                      "uuid": "2dfc4d8e-f97d-485b-b4f8-7168c85955e9",
                      "parentUUID": "28da1976-c641-4850-8efc-5c8904a79342",
                      "isHook": false,
                      "skipped": false
                    }
                  ],
                  "suites": [],
                  "passes": [
                    "d3880c50-9ee2-465b-b7f3-ca2e91233f49",
                    "cb6b8ba7-5e28-4cef-a937-26a0ea8db792",
                    "60af84e7-9872-479a-ba06-8de1d877aab1",
                    "2dfc4d8e-f97d-485b-b4f8-7168c85955e9"
                  ],
                  "failures": [],
                  "pending": [],
                  "skipped": [],
                  "duration": 2035,
                  "root": false,
                  "rootEmpty": false,
                  "_timeout": 2000
                }
              ],
              "passes": [
                "ba7f32eb-2a30-4e0d-b765-7ac36af13df4",
                "92cdd6ee-43a2-4624-a9b9-1b18fa9830c9",
                "584e1de1-ae6f-4ce7-bd08-0498f9325ef5"
              ],
              "failures": [],
              "pending": [],
              "skipped": [],
              "duration": 2696,
              "root": false,
              "rootEmpty": false,
              "_timeout": 2000
            }
          ],
          "passes": [],
          "failures": [],
          "pending": [],
          "skipped": [],
          "duration": 0,
          "root": false,
          "rootEmpty": false,
          "_timeout": 2000
        }
      ],
      "passes": [],
      "failures": [],
      "pending": [],
      "skipped": [],
      "duration": 0,
      "root": true,
      "rootEmpty": true,
      "_timeout": 2000
    }
  ],
  "meta": {
    "mocha": {
      "version": "7.2.0"
    },
    "mochawesome": {
      "options": {
        "quiet": false,
        "reportFilename": "mochawesome",
        "saveHtml": false,
        "saveJson": true,
        "consoleReporter": "spec",
        "useInlineDiffs": false,
        "code": true
      },
      "version": "7.1.4"
    },
    "marge": {
      "options": {
        "reportDir": "cypress/reports/mochawesome",
        "overwrite": false,
        "html": false,
        "json": true
      },
      "version": "6.3.2"
    }
  }
}