{
  "stats": {
    "suites": 4,
    "tests": 13,
    "passes": 13,
    "pending": 0,
    "failures": 0,
    "start": "2026-03-04T02:45:24.849Z",
    "end": "2026-03-04T02:45:33.740Z",
    "duration": 8891,
    "testsRegistered": 13,
    "passPercent": 100,
    "pendingPercent": 0,
    "other": 0,
    "hasOther": false,
    "skipped": 0,
    "hasSkipped": false
  },
  "results": [
    {
      "uuid": "873e6da7-342e-4f87-9e4d-9ad01c177e8b",
      "title": "",
      "fullFile": "cypress\\e2e\\BASIC_AUTOMATION\\basic.cy.js",
      "file": "cypress\\e2e\\BASIC_AUTOMATION\\basic.cy.js",
      "beforeHooks": [],
      "afterHooks": [],
      "tests": [],
      "suites": [
        {
          "uuid": "96489538-8b89-4fb7-91e8-01c9d1257498",
          "title": "Basic Selector & Actions - Sauce Demo",
          "fullFile": "",
          "file": "",
          "beforeHooks": [],
          "afterHooks": [],
          "tests": [],
          "suites": [
            {
              "uuid": "07c5b9e2-76ad-4507-81d4-f0c13ee601c3",
              "title": "1. Visit Page (cy.visit)",
              "fullFile": "",
              "file": "",
              "beforeHooks": [],
              "afterHooks": [],
              "tests": [
                {
                  "title": "should visit the login page (homepage",
                  "fullTitle": "Basic Selector & Actions - Sauce Demo 1. Visit Page (cy.visit) should visit the login page (homepage",
                  "timedOut": null,
                  "duration": 1006,
                  "state": "passed",
                  "speed": "fast",
                  "pass": true,
                  "fail": false,
                  "pending": false,
                  "context": null,
                  "code": "cy.visit(\"https://www.saucedemo.com/\");\ncy.url().should(\"include\", \"saucedemo.com\");",
                  "err": {},
                  "uuid": "3af63020-fd70-407b-b8ff-0a6a9d48bdb1",
                  "parentUUID": "07c5b9e2-76ad-4507-81d4-f0c13ee601c3",
                  "isHook": false,
                  "skipped": false
                },
                {
                  "title": "should visit the inventory page (After Login)   ",
                  "fullTitle": "Basic Selector & Actions - Sauce Demo 1. Visit Page (cy.visit) should visit the inventory page (After Login)   ",
                  "timedOut": null,
                  "duration": 972,
                  "state": "passed",
                  "speed": "fast",
                  "pass": true,
                  "fail": false,
                  "pending": false,
                  "context": null,
                  "code": "cy.visit(\"https://www.saucedemo.com/\");\ncy.get(\"#user-name\").type(\"standard_user\");\ncy.get(\"#password\").type(\"secret_sauce\");\ncy.get(\"#login-button\").click();\ncy.location(\"pathname\").should(\"eq\", \"/inventory.html\");",
                  "err": {},
                  "uuid": "4a43b381-aaae-488a-bc50-7c970ef1e5b9",
                  "parentUUID": "07c5b9e2-76ad-4507-81d4-f0c13ee601c3",
                  "isHook": false,
                  "skipped": false
                },
                {
                  "title": "should visit the cart page (After Login)   ",
                  "fullTitle": "Basic Selector & Actions - Sauce Demo 1. Visit Page (cy.visit) should visit the cart page (After Login)   ",
                  "timedOut": null,
                  "duration": 1143,
                  "state": "passed",
                  "speed": "fast",
                  "pass": true,
                  "fail": false,
                  "pending": false,
                  "context": null,
                  "code": "cy.visit(\"https://www.saucedemo.com/\");\ncy.get(\"#user-name\").type(\"standard_user\");\ncy.get(\"#password\").type(\"secret_sauce\");\ncy.get(\"#login-button\").click();\ncy.get(\"#shopping_cart_container\").click();\ncy.location(\"pathname\").should(\"eq\", \"/cart.html\");",
                  "err": {},
                  "uuid": "2933e9d5-6119-4288-b832-12a2819b5846",
                  "parentUUID": "07c5b9e2-76ad-4507-81d4-f0c13ee601c3",
                  "isHook": false,
                  "skipped": false
                }
              ],
              "suites": [
                {
                  "uuid": "6a93aa43-430d-4df5-a08b-572c12263f5b",
                  "title": "Basic Selector & Actions - Sauce Demo",
                  "fullFile": "",
                  "file": "",
                  "beforeHooks": [],
                  "afterHooks": [],
                  "tests": [
                    {
                      "title": "get element by ID -> #user-name",
                      "fullTitle": "Basic Selector & Actions - Sauce Demo 1. Visit Page (cy.visit) Basic Selector & Actions - Sauce Demo get element by ID -> #user-name",
                      "timedOut": null,
                      "duration": 228,
                      "state": "passed",
                      "speed": "fast",
                      "pass": true,
                      "fail": false,
                      "pending": false,
                      "context": null,
                      "code": "cy.get(\"#user-name\").should(\"exist\");",
                      "err": {},
                      "uuid": "a9cf7551-a2a7-4f7e-912b-d6abc752d5b3",
                      "parentUUID": "6a93aa43-430d-4df5-a08b-572c12263f5b",
                      "isHook": false,
                      "skipped": false
                    },
                    {
                      "title": "get element by Class -> .login_container",
                      "fullTitle": "Basic Selector & Actions - Sauce Demo 1. Visit Page (cy.visit) Basic Selector & Actions - Sauce Demo get element by Class -> .login_container",
                      "timedOut": null,
                      "duration": 362,
                      "state": "passed",
                      "speed": "fast",
                      "pass": true,
                      "fail": false,
                      "pending": false,
                      "context": null,
                      "code": "cy.get(\".login_container\").should(\"be.visible\");",
                      "err": {},
                      "uuid": "0e8033a1-e47e-4d77-959d-0721ff72a452",
                      "parentUUID": "6a93aa43-430d-4df5-a08b-572c12263f5b",
                      "isHook": false,
                      "skipped": false
                    },
                    {
                      "title": "get element by Tag -> input",
                      "fullTitle": "Basic Selector & Actions - Sauce Demo 1. Visit Page (cy.visit) Basic Selector & Actions - Sauce Demo get element by Tag -> input",
                      "timedOut": null,
                      "duration": 198,
                      "state": "passed",
                      "speed": "fast",
                      "pass": true,
                      "fail": false,
                      "pending": false,
                      "context": null,
                      "code": "cy.get(\"input\").should(\"exist\");",
                      "err": {},
                      "uuid": "df36f35c-eeaf-466e-9e60-0d4373c02539",
                      "parentUUID": "6a93aa43-430d-4df5-a08b-572c12263f5b",
                      "isHook": false,
                      "skipped": false
                    },
                    {
                      "title": "get element by Attribute -> input[type=\"password\"]",
                      "fullTitle": "Basic Selector & Actions - Sauce Demo 1. Visit Page (cy.visit) Basic Selector & Actions - Sauce Demo get element by Attribute -> input[type=\"password\"]",
                      "timedOut": null,
                      "duration": 280,
                      "state": "passed",
                      "speed": "fast",
                      "pass": true,
                      "fail": false,
                      "pending": false,
                      "context": null,
                      "code": "cy.get('[type=\"password\"]').should(\"exist\");",
                      "err": {},
                      "uuid": "5a9db53a-c8d8-4abb-b5a9-a949076a4432",
                      "parentUUID": "6a93aa43-430d-4df5-a08b-572c12263f5b",
                      "isHook": false,
                      "skipped": false
                    },
                    {
                      "title": "get element by Combined selector -> input#user-name",
                      "fullTitle": "Basic Selector & Actions - Sauce Demo 1. Visit Page (cy.visit) Basic Selector & Actions - Sauce Demo get element by Combined selector -> input#user-name",
                      "timedOut": null,
                      "duration": 118,
                      "state": "passed",
                      "speed": "fast",
                      "pass": true,
                      "fail": false,
                      "pending": false,
                      "context": null,
                      "code": "cy.get(\"input#user-name\").should(\"exist\");",
                      "err": {},
                      "uuid": "09afec97-25b8-4631-9b7e-b4755e6d02e5",
                      "parentUUID": "6a93aa43-430d-4df5-a08b-572c12263f5b",
                      "isHook": false,
                      "skipped": false
                    },
                    {
                      "title": "get element by Text -> cy.contains",
                      "fullTitle": "Basic Selector & Actions - Sauce Demo 1. Visit Page (cy.visit) Basic Selector & Actions - Sauce Demo get element by Text -> cy.contains",
                      "timedOut": null,
                      "duration": 984,
                      "state": "passed",
                      "speed": "fast",
                      "pass": true,
                      "fail": false,
                      "pending": false,
                      "context": null,
                      "code": "cy.contains(\"Swag Labs\").should(\"be.visible\");\ncy.contains(\"Login\").should(\"exist\");",
                      "err": {},
                      "uuid": "f024ea02-7049-4da4-9e99-cbf420cb9fc9",
                      "parentUUID": "6a93aa43-430d-4df5-a08b-572c12263f5b",
                      "isHook": false,
                      "skipped": false
                    }
                  ],
                  "suites": [],
                  "passes": [
                    "a9cf7551-a2a7-4f7e-912b-d6abc752d5b3",
                    "0e8033a1-e47e-4d77-959d-0721ff72a452",
                    "df36f35c-eeaf-466e-9e60-0d4373c02539",
                    "5a9db53a-c8d8-4abb-b5a9-a949076a4432",
                    "09afec97-25b8-4631-9b7e-b4755e6d02e5",
                    "f024ea02-7049-4da4-9e99-cbf420cb9fc9"
                  ],
                  "failures": [],
                  "pending": [],
                  "skipped": [],
                  "duration": 2170,
                  "root": false,
                  "rootEmpty": false,
                  "_timeout": 2000
                },
                {
                  "uuid": "cdb7d5e8-c310-43e4-8324-2d163522d0ef",
                  "title": "3. Type Text - Mengetik di Input Field",
                  "fullFile": "",
                  "file": "",
                  "beforeHooks": [],
                  "afterHooks": [],
                  "tests": [
                    {
                      "title": "Should type username into username field",
                      "fullTitle": "Basic Selector & Actions - Sauce Demo 1. Visit Page (cy.visit) 3. Type Text - Mengetik di Input Field Should type username into username field",
                      "timedOut": null,
                      "duration": 440,
                      "state": "passed",
                      "speed": "fast",
                      "pass": true,
                      "fail": false,
                      "pending": false,
                      "context": null,
                      "code": "cy.get(\"#user-name\").type(\"standard_user\").should(\"have.value\", \"standard_user\");",
                      "err": {},
                      "uuid": "79c04c5a-9659-4fa4-b2a5-80374efb847e",
                      "parentUUID": "cdb7d5e8-c310-43e4-8324-2d163522d0ef",
                      "isHook": false,
                      "skipped": false
                    },
                    {
                      "title": "Should type password into password field",
                      "fullTitle": "Basic Selector & Actions - Sauce Demo 1. Visit Page (cy.visit) 3. Type Text - Mengetik di Input Field Should type password into password field",
                      "timedOut": null,
                      "duration": 427,
                      "state": "passed",
                      "speed": "fast",
                      "pass": true,
                      "fail": false,
                      "pending": false,
                      "context": null,
                      "code": "cy.get(\"#password\").type(\"secret_sauce\").should(\"have.value\", \"secret_sauce\");",
                      "err": {},
                      "uuid": "21600ea7-30b3-4b2b-ba55-adaf95152c15",
                      "parentUUID": "cdb7d5e8-c310-43e4-8324-2d163522d0ef",
                      "isHook": false,
                      "skipped": false
                    },
                    {
                      "title": "Should clear field and retype username",
                      "fullTitle": "Basic Selector & Actions - Sauce Demo 1. Visit Page (cy.visit) 3. Type Text - Mengetik di Input Field Should clear field and retype username",
                      "timedOut": null,
                      "duration": 681,
                      "state": "passed",
                      "speed": "fast",
                      "pass": true,
                      "fail": false,
                      "pending": false,
                      "context": null,
                      "code": "cy.get(\"#user-name\").type(\"wrong_user\").clear().type(\"standard_user\").should(\"have.value\", \"standard_user\");",
                      "err": {},
                      "uuid": "2d60f916-0c52-407f-9be3-155fb40cdf28",
                      "parentUUID": "cdb7d5e8-c310-43e4-8324-2d163522d0ef",
                      "isHook": false,
                      "skipped": false
                    },
                    {
                      "title": "Should clear field and retype password",
                      "fullTitle": "Basic Selector & Actions - Sauce Demo 1. Visit Page (cy.visit) 3. Type Text - Mengetik di Input Field Should clear field and retype password",
                      "timedOut": null,
                      "duration": 479,
                      "state": "passed",
                      "speed": "fast",
                      "pass": true,
                      "fail": false,
                      "pending": false,
                      "context": null,
                      "code": "cy.get(\"#password\").clear().type(\"secret_sauce\").should(\"have.value\", \"secret_sauce\");",
                      "err": {},
                      "uuid": "c027663d-b451-4822-9e58-c127ff1d0112",
                      "parentUUID": "cdb7d5e8-c310-43e4-8324-2d163522d0ef",
                      "isHook": false,
                      "skipped": false
                    }
                  ],
                  "suites": [],
                  "passes": [
                    "79c04c5a-9659-4fa4-b2a5-80374efb847e",
                    "21600ea7-30b3-4b2b-ba55-adaf95152c15",
                    "2d60f916-0c52-407f-9be3-155fb40cdf28",
                    "c027663d-b451-4822-9e58-c127ff1d0112"
                  ],
                  "failures": [],
                  "pending": [],
                  "skipped": [],
                  "duration": 2027,
                  "root": false,
                  "rootEmpty": false,
                  "_timeout": 2000
                }
              ],
              "passes": [
                "3af63020-fd70-407b-b8ff-0a6a9d48bdb1",
                "4a43b381-aaae-488a-bc50-7c970ef1e5b9",
                "2933e9d5-6119-4288-b832-12a2819b5846"
              ],
              "failures": [],
              "pending": [],
              "skipped": [],
              "duration": 3121,
              "root": false,
              "rootEmpty": false,
              "_timeout": 2000
            }
          ],
          "passes": [],
          "failures": [],
          "pending": [],
          "skipped": [],
          "duration": 0,
          "root": false,
          "rootEmpty": false,
          "_timeout": 2000
        }
      ],
      "passes": [],
      "failures": [],
      "pending": [],
      "skipped": [],
      "duration": 0,
      "root": true,
      "rootEmpty": true,
      "_timeout": 2000
    }
  ],
  "meta": {
    "mocha": {
      "version": "7.2.0"
    },
    "mochawesome": {
      "options": {
        "quiet": false,
        "reportFilename": "mochawesome",
        "saveHtml": true,
        "saveJson": true,
        "consoleReporter": "spec",
        "useInlineDiffs": false,
        "code": true
      },
      "version": "7.1.4"
    },
    "marge": {
      "options": {
        "reportDir": "cypress/results",
        "overwrite": false,
        "html": true,
        "json": true
      },
      "version": "6.3.2"
    }
  }
}