{
  "stats": {
    "suites": 4,
    "tests": 13,
    "passes": 13,
    "pending": 0,
    "failures": 0,
    "start": "2026-03-03T04:53:16.124Z",
    "end": "2026-03-03T04:53:29.871Z",
    "duration": 13747,
    "testsRegistered": 13,
    "passPercent": 100,
    "pendingPercent": 0,
    "other": 0,
    "hasOther": false,
    "skipped": 0,
    "hasSkipped": false
  },
  "results": [
    {
      "uuid": "c8cd044b-4d41-46cf-9bfe-4e5b48531315",
      "title": "",
      "fullFile": "cypress\\e2e\\BASIC_AUTOMATION\\basic.cy.js",
      "file": "cypress\\e2e\\BASIC_AUTOMATION\\basic.cy.js",
      "beforeHooks": [],
      "afterHooks": [],
      "tests": [],
      "suites": [
        {
          "uuid": "e0b337dc-e215-4268-b4ef-60136549fba1",
          "title": "Basic Selector & Actions - Sauce Demo",
          "fullFile": "",
          "file": "",
          "beforeHooks": [],
          "afterHooks": [],
          "tests": [],
          "suites": [
            {
              "uuid": "98fba311-81a9-4014-8b6c-e093d20075bb",
              "title": "1. Visit Page (cy.visit)",
              "fullFile": "",
              "file": "",
              "beforeHooks": [],
              "afterHooks": [],
              "tests": [
                {
                  "title": "should visit the login page (homepage",
                  "fullTitle": "Basic Selector & Actions - Sauce Demo 1. Visit Page (cy.visit) should visit the login page (homepage",
                  "timedOut": null,
                  "duration": 559,
                  "state": "passed",
                  "speed": "fast",
                  "pass": true,
                  "fail": false,
                  "pending": false,
                  "context": null,
                  "code": "cy.visit(\"https://www.saucedemo.com/\");\ncy.url().should(\"include\", \"saucedemo.com\");",
                  "err": {},
                  "uuid": "be57610e-865f-43eb-906b-acc5e6bf52b6",
                  "parentUUID": "98fba311-81a9-4014-8b6c-e093d20075bb",
                  "isHook": false,
                  "skipped": false
                },
                {
                  "title": "should visit the inventory page (After Login)   ",
                  "fullTitle": "Basic Selector & Actions - Sauce Demo 1. Visit Page (cy.visit) should visit the inventory page (After Login)   ",
                  "timedOut": null,
                  "duration": 858,
                  "state": "passed",
                  "speed": "fast",
                  "pass": true,
                  "fail": false,
                  "pending": false,
                  "context": null,
                  "code": "cy.visit(\"https://www.saucedemo.com/\");\ncy.get(\"#user-name\").type(\"standard_user\");\ncy.get(\"#password\").type(\"secret_sauce\");\ncy.get(\"#login-button\").click();\ncy.location(\"pathname\").should(\"eq\", \"/inventory.html\");",
                  "err": {},
                  "uuid": "cbc05123-bee0-4327-b496-3795d2c3d935",
                  "parentUUID": "98fba311-81a9-4014-8b6c-e093d20075bb",
                  "isHook": false,
                  "skipped": false
                },
                {
                  "title": "should visit the cart page (After Login)   ",
                  "fullTitle": "Basic Selector & Actions - Sauce Demo 1. Visit Page (cy.visit) should visit the cart page (After Login)   ",
                  "timedOut": null,
                  "duration": 1122,
                  "state": "passed",
                  "speed": "fast",
                  "pass": true,
                  "fail": false,
                  "pending": false,
                  "context": null,
                  "code": "cy.visit(\"https://www.saucedemo.com/\");\ncy.get(\"#user-name\").type(\"standard_user\");\ncy.get(\"#password\").type(\"secret_sauce\");\ncy.get(\"#login-button\").click();\ncy.get(\"#shopping_cart_container\").click();\ncy.location(\"pathname\").should(\"eq\", \"/cart.html\");",
                  "err": {},
                  "uuid": "efe97dd4-700e-47da-b1a3-9343f0195a80",
                  "parentUUID": "98fba311-81a9-4014-8b6c-e093d20075bb",
                  "isHook": false,
                  "skipped": false
                }
              ],
              "suites": [
                {
                  "uuid": "78cc8507-7b25-446b-87cc-a49e9cd451db",
                  "title": "Basic Selector & Actions - Sauce Demo",
                  "fullFile": "",
                  "file": "",
                  "beforeHooks": [],
                  "afterHooks": [],
                  "tests": [
                    {
                      "title": "get element by ID -> #user-name",
                      "fullTitle": "Basic Selector & Actions - Sauce Demo 1. Visit Page (cy.visit) Basic Selector & Actions - Sauce Demo get element by ID -> #user-name",
                      "timedOut": null,
                      "duration": 247,
                      "state": "passed",
                      "speed": "fast",
                      "pass": true,
                      "fail": false,
                      "pending": false,
                      "context": null,
                      "code": "cy.get(\"#user-name\").should(\"exist\");",
                      "err": {},
                      "uuid": "8ee4bce5-0da5-46c5-80a4-4bd7e3395457",
                      "parentUUID": "78cc8507-7b25-446b-87cc-a49e9cd451db",
                      "isHook": false,
                      "skipped": false
                    },
                    {
                      "title": "get element by Class -> .login_container",
                      "fullTitle": "Basic Selector & Actions - Sauce Demo 1. Visit Page (cy.visit) Basic Selector & Actions - Sauce Demo get element by Class -> .login_container",
                      "timedOut": null,
                      "duration": 121,
                      "state": "passed",
                      "speed": "fast",
                      "pass": true,
                      "fail": false,
                      "pending": false,
                      "context": null,
                      "code": "cy.get(\".login_container\").should(\"be.visible\");",
                      "err": {},
                      "uuid": "2cb8276d-ba5b-4ea6-b39e-3bc8dbb8a046",
                      "parentUUID": "78cc8507-7b25-446b-87cc-a49e9cd451db",
                      "isHook": false,
                      "skipped": false
                    },
                    {
                      "title": "get element by Tag -> input",
                      "fullTitle": "Basic Selector & Actions - Sauce Demo 1. Visit Page (cy.visit) Basic Selector & Actions - Sauce Demo get element by Tag -> input",
                      "timedOut": null,
                      "duration": 6331,
                      "state": "passed",
                      "speed": "medium",
                      "pass": true,
                      "fail": false,
                      "pending": false,
                      "context": null,
                      "code": "cy.get(\"input\").should(\"exist\");",
                      "err": {},
                      "uuid": "31583e4a-0b9b-4c4a-9034-e70f352e06e9",
                      "parentUUID": "78cc8507-7b25-446b-87cc-a49e9cd451db",
                      "isHook": false,
                      "skipped": false
                    },
                    {
                      "title": "get element by Attribute -> input[type=\"password\"]",
                      "fullTitle": "Basic Selector & Actions - Sauce Demo 1. Visit Page (cy.visit) Basic Selector & Actions - Sauce Demo get element by Attribute -> input[type=\"password\"]",
                      "timedOut": null,
                      "duration": 112,
                      "state": "passed",
                      "speed": "fast",
                      "pass": true,
                      "fail": false,
                      "pending": false,
                      "context": null,
                      "code": "cy.get('[type=\"password\"]').should(\"exist\");",
                      "err": {},
                      "uuid": "0a7fa76f-fde6-48f8-843e-f659b59c9adb",
                      "parentUUID": "78cc8507-7b25-446b-87cc-a49e9cd451db",
                      "isHook": false,
                      "skipped": false
                    },
                    {
                      "title": "get element by Combined selector -> input#user-name",
                      "fullTitle": "Basic Selector & Actions - Sauce Demo 1. Visit Page (cy.visit) Basic Selector & Actions - Sauce Demo get element by Combined selector -> input#user-name",
                      "timedOut": null,
                      "duration": 139,
                      "state": "passed",
                      "speed": "fast",
                      "pass": true,
                      "fail": false,
                      "pending": false,
                      "context": null,
                      "code": "cy.get(\"input#user-name\").should(\"exist\");",
                      "err": {},
                      "uuid": "c76627b4-17f6-4085-aaea-8ef056d79adc",
                      "parentUUID": "78cc8507-7b25-446b-87cc-a49e9cd451db",
                      "isHook": false,
                      "skipped": false
                    },
                    {
                      "title": "get element by Text -> cy.contains",
                      "fullTitle": "Basic Selector & Actions - Sauce Demo 1. Visit Page (cy.visit) Basic Selector & Actions - Sauce Demo get element by Text -> cy.contains",
                      "timedOut": null,
                      "duration": 468,
                      "state": "passed",
                      "speed": "fast",
                      "pass": true,
                      "fail": false,
                      "pending": false,
                      "context": null,
                      "code": "cy.contains(\"Swag Labs\").should(\"be.visible\");\ncy.contains(\"Login\").should(\"exist\");",
                      "err": {},
                      "uuid": "e4ed46a2-3f95-406f-85eb-639b1e2a0ffd",
                      "parentUUID": "78cc8507-7b25-446b-87cc-a49e9cd451db",
                      "isHook": false,
                      "skipped": false
                    }
                  ],
                  "suites": [],
                  "passes": [
                    "8ee4bce5-0da5-46c5-80a4-4bd7e3395457",
                    "2cb8276d-ba5b-4ea6-b39e-3bc8dbb8a046",
                    "31583e4a-0b9b-4c4a-9034-e70f352e06e9",
                    "0a7fa76f-fde6-48f8-843e-f659b59c9adb",
                    "c76627b4-17f6-4085-aaea-8ef056d79adc",
                    "e4ed46a2-3f95-406f-85eb-639b1e2a0ffd"
                  ],
                  "failures": [],
                  "pending": [],
                  "skipped": [],
                  "duration": 7418,
                  "root": false,
                  "rootEmpty": false,
                  "_timeout": 2000
                },
                {
                  "uuid": "919c4927-6cd9-4beb-87e0-b1fa9fa14fa4",
                  "title": "3. Type Text - Mengetik di Input Field",
                  "fullFile": "",
                  "file": "",
                  "beforeHooks": [],
                  "afterHooks": [],
                  "tests": [
                    {
                      "title": "Should type username into username field",
                      "fullTitle": "Basic Selector & Actions - Sauce Demo 1. Visit Page (cy.visit) 3. Type Text - Mengetik di Input Field Should type username into username field",
                      "timedOut": null,
                      "duration": 504,
                      "state": "passed",
                      "speed": "fast",
                      "pass": true,
                      "fail": false,
                      "pending": false,
                      "context": null,
                      "code": "cy.get(\"#user-name\").type(\"standard_user\").should(\"have.value\", \"standard_user\");",
                      "err": {},
                      "uuid": "56fe1e9b-f643-4ca5-a4cd-545c4e5ab99c",
                      "parentUUID": "919c4927-6cd9-4beb-87e0-b1fa9fa14fa4",
                      "isHook": false,
                      "skipped": false
                    },
                    {
                      "title": "Should type password into password field",
                      "fullTitle": "Basic Selector & Actions - Sauce Demo 1. Visit Page (cy.visit) 3. Type Text - Mengetik di Input Field Should type password into password field",
                      "timedOut": null,
                      "duration": 478,
                      "state": "passed",
                      "speed": "fast",
                      "pass": true,
                      "fail": false,
                      "pending": false,
                      "context": null,
                      "code": "cy.get(\"#password\").type(\"secret_sauce\").should(\"have.value\", \"secret_sauce\");",
                      "err": {},
                      "uuid": "58f327e5-75d8-4740-8309-d0f5d7f47b0d",
                      "parentUUID": "919c4927-6cd9-4beb-87e0-b1fa9fa14fa4",
                      "isHook": false,
                      "skipped": false
                    },
                    {
                      "title": "Should clear field and retype username",
                      "fullTitle": "Basic Selector & Actions - Sauce Demo 1. Visit Page (cy.visit) 3. Type Text - Mengetik di Input Field Should clear field and retype username",
                      "timedOut": null,
                      "duration": 689,
                      "state": "passed",
                      "speed": "fast",
                      "pass": true,
                      "fail": false,
                      "pending": false,
                      "context": null,
                      "code": "cy.get(\"#user-name\").type(\"wrong_user\").clear().type(\"standard_user\").should(\"have.value\", \"standard_user\");",
                      "err": {},
                      "uuid": "1522b22a-edd6-410e-a6b6-d99fd2674012",
                      "parentUUID": "919c4927-6cd9-4beb-87e0-b1fa9fa14fa4",
                      "isHook": false,
                      "skipped": false
                    },
                    {
                      "title": "Should clear field and retype password",
                      "fullTitle": "Basic Selector & Actions - Sauce Demo 1. Visit Page (cy.visit) 3. Type Text - Mengetik di Input Field Should clear field and retype password",
                      "timedOut": null,
                      "duration": 492,
                      "state": "passed",
                      "speed": "fast",
                      "pass": true,
                      "fail": false,
                      "pending": false,
                      "context": null,
                      "code": "cy.get(\"#password\").clear().type(\"secret_sauce\").should(\"have.value\", \"secret_sauce\");",
                      "err": {},
                      "uuid": "18a3c19e-0f13-4171-9489-dd5aeef873ce",
                      "parentUUID": "919c4927-6cd9-4beb-87e0-b1fa9fa14fa4",
                      "isHook": false,
                      "skipped": false
                    }
                  ],
                  "suites": [],
                  "passes": [
                    "56fe1e9b-f643-4ca5-a4cd-545c4e5ab99c",
                    "58f327e5-75d8-4740-8309-d0f5d7f47b0d",
                    "1522b22a-edd6-410e-a6b6-d99fd2674012",
                    "18a3c19e-0f13-4171-9489-dd5aeef873ce"
                  ],
                  "failures": [],
                  "pending": [],
                  "skipped": [],
                  "duration": 2163,
                  "root": false,
                  "rootEmpty": false,
                  "_timeout": 2000
                }
              ],
              "passes": [
                "be57610e-865f-43eb-906b-acc5e6bf52b6",
                "cbc05123-bee0-4327-b496-3795d2c3d935",
                "efe97dd4-700e-47da-b1a3-9343f0195a80"
              ],
              "failures": [],
              "pending": [],
              "skipped": [],
              "duration": 2539,
              "root": false,
              "rootEmpty": false,
              "_timeout": 2000
            }
          ],
          "passes": [],
          "failures": [],
          "pending": [],
          "skipped": [],
          "duration": 0,
          "root": false,
          "rootEmpty": false,
          "_timeout": 2000
        }
      ],
      "passes": [],
      "failures": [],
      "pending": [],
      "skipped": [],
      "duration": 0,
      "root": true,
      "rootEmpty": true,
      "_timeout": 2000
    }
  ],
  "meta": {
    "mocha": {
      "version": "7.2.0"
    },
    "mochawesome": {
      "options": {
        "quiet": false,
        "reportFilename": "mochawesome",
        "saveHtml": true,
        "saveJson": true,
        "consoleReporter": "spec",
        "useInlineDiffs": false,
        "code": true
      },
      "version": "7.1.4"
    },
    "marge": {
      "options": {
        "reportDir": "cypress/results",
        "overwrite": false,
        "html": true,
        "json": true
      },
      "version": "6.3.2"
    }
  }
}